<?xml version="1.0" encoding="UTF-8"?>
<!-- Generated by org.testng.reporters.JUnitReportReporter -->
<testsuite skipped="0" hostname="LAPTOP-8PV5OBQH" name="ppack.LoginTest" tests="1" failures="0" timestamp="2021-10-11T20:44:19 IST" time="11.648" errors="0">
  <testcase name="login" time="11.648" classname="ppack.LoginTest"/>
  <system-out/>
</testsuite> <!-- ppack.LoginTest -->
